This is pdfTeX, Version 3.14159265-2.6-1.40.21 (TeX Live 2020/W32TeX) (preloaded format=pdflatex 2020.5.26)  30 AUG 2022 14:47
entering extended mode
 restricted \write18 enabled.
 %&-line parsing enabled.
**Dokumentation_BT-Projekt.tex
(./Dokumentation_BT-Projekt.tex
LaTeX2e <2020-02-02> patch level 5
L3 programming layer <2020-05-15>
(c:/texlive/2020/texmf-dist/tex/latex/koma-script/scrreprt.cls
Document Class: scrreprt 2020/04/19 v3.30 KOMA-Script document class (report)
(c:/texlive/2020/texmf-dist/tex/latex/koma-script/scrkbase.sty
Package: scrkbase 2020/04/19 v3.30 KOMA-Script package (KOMA-Script-dependent b
asics and keyval usage)

(c:/texlive/2020/texmf-dist/tex/latex/koma-script/scrbase.sty
Package: scrbase 2020/04/19 v3.30 KOMA-Script package (KOMA-Script-independent 
basics and keyval usage)

(c:/texlive/2020/texmf-dist/tex/latex/graphics/keyval.sty
Package: keyval 2014/10/28 v1.15 key=value parser (DPC)
\KV@toks@=\toks15
)
(c:/texlive/2020/texmf-dist/tex/latex/koma-script/scrlfile.sty
Package: scrlfile 2020/04/19 v3.30 KOMA-Script package (loading files)
)))
(c:/texlive/2020/texmf-dist/tex/latex/koma-script/tocbasic.sty
Package: tocbasic 2020/04/19 v3.30 KOMA-Script package (handling toc-files)
\scr@dte@tocline@numberwidth=\skip47
\scr@dte@tocline@numbox=\box45
)
Package tocbasic Info: babel extension for `toc' omitted
(tocbasic)             because of missing \bbl@set@language on input line 137.
Package scrreprt Info: You've used standard option `11pt'.
(scrreprt)             This is correct!
(scrreprt)             Internally I'm using `fontsize=11pt'.
(scrreprt)             If you'd like to set the option with \KOMAoptions,
(scrreprt)             you'd have to use `fontsize=11pt' there
(scrreprt)             instead of `11pt', too.


Class scrreprt Warning: You've used obsolete option `bibtotoc'.
(scrreprt)              Usage of this option indicates an old document
(scrreprt)              and changes compatibility level using
(scrreprt)              `bibliography=totoc,version=first,
(scrreprt)              enabledeprecatedfontcommands' that may result
(scrreprt)              in further warnings.
(scrreprt)              If you don't want this, you should simply
(scrreprt)              replace option `bibtotoc' by `bibliography=totoc'.

Class scrreprt Info: Switching compatibility level to `first'.

Class scrreprt Warning: deprecated option `enabledeprecatedfontcommands'.
(scrreprt)              Note, that this option was already depreacted when
(scrreprt)              it has been defined. Support for old font commands
(scrreprt)              has been removed from KOMA-Script more than one
(scrreprt)              decade ago. It is not recommended to use them any
(scrreprt)              longer. Therefore usage of this class option also
(scrreprt)              is not recommended.


Class scrreprt Warning: You've used obsolete option `liststotoc'.
(scrreprt)              Usage of this option indicates an old document
(scrreprt)              and changes compatibility level using
(scrreprt)              `listof=totoc,version=first,
(scrreprt)              enabledeprecatedfontcommands' that may result
(scrreprt)              in further warnings.
(scrreprt)              If you don't want this, you should simply
(scrreprt)              replace option `liststotoc' by `listof=totoc'.

Class scrreprt Info: Switching compatibility level to `first'.

Class scrreprt Warning: deprecated option `enabledeprecatedfontcommands'.
(scrreprt)              Note, that this option was already depreacted when
(scrreprt)              it has been defined. Support for old font commands
(scrreprt)              has been removed from KOMA-Script more than one
(scrreprt)              decade ago. It is not recommended to use them any
(scrreprt)              longer. Therefore usage of this class option also
(scrreprt)              is not recommended.

Class scrreprt Info: File `scrsize11pt.clo' used to setup font sizes on input l
ine 2424.
(c:/texlive/2020/texmf-dist/tex/latex/koma-script/scrsize11pt.clo
File: scrsize11pt.clo 2020/04/19 v3.30 KOMA-Script font size class option (11pt
)
)
(c:/texlive/2020/texmf-dist/tex/latex/koma-script/typearea.sty
Package: typearea 2020/04/19 v3.30 KOMA-Script package (type area)
\ta@bcor=\skip48
\ta@div=\count167
Package typearea Info: You've used standard option `a4paper'.
(typearea)             This is correct!
(typearea)             Internally I'm using `paper=a4'.
(typearea)             If you'd like to set the option with \KOMAoptions,
(typearea)             you'd have to use `paper=a4' there
(typearea)             instead of `a4paper', too.
\ta@hblk=\skip49
\ta@vblk=\skip50
\ta@temp=\skip51
\footheight=\skip52
Package typearea Info: These are the values describing the layout:
(typearea)             DIV  = 10
(typearea)             BCOR = 0.0pt
(typearea)             \paperwidth      = 597.50793pt
(typearea)              \textwidth      = 418.25555pt
(typearea)              DIV departure   = -6%
(typearea)              \evensidemargin = 17.3562pt
(typearea)              \oddsidemargin  = 17.3562pt
(typearea)             \paperheight     = 845.04694pt
(typearea)              \textheight     = 555.00024pt
(typearea)              \topmargin      = 12.2347pt
(typearea)              \headheight     = 17.0pt
(typearea)              \headsep        = 20.40001pt
(typearea)              \topskip        = 11.0pt
(typearea)              \footskip       = 47.6pt
(typearea)              \baselineskip   = 13.6pt
(typearea)              on input line 1738.
)
\c@part=\count168
\c@chapter=\count169
\c@section=\count170
\c@subsection=\count171
\c@subsubsection=\count172
\c@paragraph=\count173
\c@subparagraph=\count174
\scr@dte@chapter@maxnumwidth=\skip53
Class scrreprt Info: using compatibility default `afterindent=bysign'
(scrreprt)           for `\chapter on input line 5588.
\scr@dte@section@maxnumwidth=\skip54
Class scrreprt Info: using compatibility default `runin=bysign'
(scrreprt)           for `\section on input line 5598.
Class scrreprt Info: using compatibility default `afterindent=bysign'
(scrreprt)           for `\section on input line 5598.
\scr@dte@part@maxnumwidth=\skip55
Class scrreprt Info: using compatibility default `afterindent=true'
(scrreprt)           for `\part on input line 5607.
\scr@dte@subsection@maxnumwidth=\skip56
Class scrreprt Info: using compatibility default `runin=bysign'
(scrreprt)           for `\subsection on input line 5617.
Class scrreprt Info: using compatibility default `afterindent=bysign'
(scrreprt)           for `\subsection on input line 5617.
\scr@dte@subsubsection@maxnumwidth=\skip57
Class scrreprt Info: using compatibility default `runin=bysign'
(scrreprt)           for `\subsubsection on input line 5627.
Class scrreprt Info: using compatibility default `afterindent=bysign'
(scrreprt)           for `\subsubsection on input line 5627.
\scr@dte@paragraph@maxnumwidth=\skip58
Class scrreprt Info: using compatibility default `runin=bysign'
(scrreprt)           for `\paragraph on input line 5637.
Class scrreprt Info: using compatibility default `afterindent=bysign'
(scrreprt)           for `\paragraph on input line 5637.
\scr@dte@subparagraph@maxnumwidth=\skip59
Class scrreprt Info: using compatibility default `runin=bysign'
(scrreprt)           for `\subparagraph on input line 5647.
Class scrreprt Info: using compatibility default `afterindent=bysign'
(scrreprt)           for `\subparagraph on input line 5647.
\abovecaptionskip=\skip60
\belowcaptionskip=\skip61
\c@pti@nb@sid@b@x=\box46
Package tocbasic Info: babel extension for `lof' omitted
(tocbasic)             because of missing \bbl@set@language on input line 6883.

\scr@dte@figure@maxnumwidth=\skip62
\c@figure=\count175
Package tocbasic Info: babel extension for `lot' omitted
(tocbasic)             because of missing \bbl@set@language on input line 6900.

\scr@dte@table@maxnumwidth=\skip63
\c@table=\count176
Class scrreprt Info: Using old \@makefntext due to compatibility level
(scrreprt)           less than 3.22 on input line 7056.
Class scrreprt Info: Redefining `\numberline' on input line 7069.
\bibindent=\dimen134
)
(c:/texlive/2020/texmf-dist/tex/latex/base/fontenc.sty
Package: fontenc 2020/02/11 v2.0o Standard LaTeX package
)
(c:/texlive/2020/texmf-dist/tex/latex/base/inputenc.sty
Package: inputenc 2018/08/11 v1.3c Input encoding file
\inpenc@prehook=\toks16
\inpenc@posthook=\toks17
)
(c:/texlive/2020/texmf-dist/tex/generic/babel/babel.sty
Package: babel 2020/05/13 3.44 The Babel package

(c:/texlive/2020/texmf-dist/tex/generic/babel/babel.def
File: babel.def 2020/05/13 3.44 Babel common definitions
\babel@savecnt=\count177
\U@D=\dimen135
\l@babelnohyphens=\language86

(c:/texlive/2020/texmf-dist/tex/generic/babel/txtbabel.def)
\bbl@readstream=\read2
)
\bbl@dirlevel=\count178

(c:/texlive/2020/texmf-dist/tex/generic/babel-german/ngerman.ldf
Language: ngerman 2018/12/08 v2.11 German support for babel (post-1996 orthogra
phy)

(c:/texlive/2020/texmf-dist/tex/generic/babel-german/ngermanb.ldf
Language: ngermanb 2018/12/08 v2.11 German support for babel (post-1996 orthogr
aphy)
Package babel Info: Making " an active character on input line 121.
)))
(c:/texlive/2020/texmf-dist/tex/latex/footmisc/footmisc.sty
Package: footmisc 2011/06/06 v5.5b a miscellany of footnote facilities
\FN@temptoken=\toks18
\footnotemargin=\dimen136
\c@pp@next@reset=\count179
Package footmisc Info: Declaring symbol style bringhurst on input line 855.
Package footmisc Info: Declaring symbol style chicago on input line 863.
Package footmisc Info: Declaring symbol style wiley on input line 872.
Package footmisc Info: Declaring symbol style lamport-robust on input line 883.

Package footmisc Info: Declaring symbol style lamport* on input line 903.
Package footmisc Info: Declaring symbol style lamport*-robust on input line 924
.
)
(c:/texlive/2020/texmf-dist/tex/latex/acronym/acronym.sty
Package: acronym 2020/04/17 v1.47 Support for acronyms (Tobias Oetiker)

(c:/texlive/2020/texmf-dist/tex/latex/bigfoot/suffix.sty
Package: suffix 2006/07/15 1.5a Variant command support
)
(c:/texlive/2020/texmf-dist/tex/generic/xstring/xstring.sty
(c:/texlive/2020/texmf-dist/tex/generic/xstring/xstring.tex
\integerpart=\count180
\decimalpart=\count181
)
Package: xstring 2019/02/06 v1.83 String manipulations (CT)
)
\AC@clearlist=\toks19
)
(c:/texlive/2020/texmf-dist/tex/latex/graphics/graphicx.sty
Package: graphicx 2019/11/30 v1.2a Enhanced LaTeX Graphics (DPC,SPQR)

(c:/texlive/2020/texmf-dist/tex/latex/graphics/graphics.sty
Package: graphics 2019/11/30 v1.4a Standard LaTeX Graphics (DPC,SPQR)

(c:/texlive/2020/texmf-dist/tex/latex/graphics/trig.sty
Package: trig 2016/01/03 v1.10 sin cos tan (DPC)
)
(c:/texlive/2020/texmf-dist/tex/latex/graphics-cfg/graphics.cfg
File: graphics.cfg 2016/06/04 v1.11 sample graphics configuration
)
Package graphics Info: Driver file: pdftex.def on input line 105.

(c:/texlive/2020/texmf-dist/tex/latex/graphics-def/pdftex.def
File: pdftex.def 2018/01/08 v1.0l Graphics/color driver for pdftex
))
\Gin@req@height=\dimen137
\Gin@req@width=\dimen138
)
(c:/texlive/2020/texmf-dist/tex/latex/float/float.sty
Package: float 2001/11/08 v1.3d Float enhancements (AL)
\c@float@type=\count182
\float@exts=\toks20
\float@box=\box47
\@float@everytoks=\toks21
\@floatcapt=\box48
)
(c:/texlive/2020/texmf-dist/tex/latex/listings/listings.sty
\lst@mode=\count183
\lst@gtempboxa=\box49
\lst@token=\toks22
\lst@length=\count184
\lst@currlwidth=\dimen139
\lst@column=\count185
\lst@pos=\count186
\lst@lostspace=\dimen140
\lst@width=\dimen141
\lst@newlines=\count187
\lst@lineno=\count188
\lst@maxwidth=\dimen142

(c:/texlive/2020/texmf-dist/tex/latex/listings/lstmisc.sty
File: lstmisc.sty 2020/03/24 1.8d (Carsten Heinz)
\c@lstnumber=\count189
\lst@skipnumbers=\count190
\lst@framebox=\box50
)
(c:/texlive/2020/texmf-dist/tex/latex/listings/listings.cfg
File: listings.cfg 2020/03/24 1.8d listings configuration
))
Package: listings 2020/03/24 1.8d (Carsten Heinz)

(c:/texlive/2020/texmf-dist/tex/latex/graphics/color.sty
Package: color 2019/11/23 v1.2a Standard LaTeX Color (DPC)

(c:/texlive/2020/texmf-dist/tex/latex/graphics-cfg/color.cfg
File: color.cfg 2016/01/02 v1.6 sample color configuration
)
Package color Info: Driver file: pdftex.def on input line 147.
)
(c:/texlive/2020/texmf-dist/tex/latex/biblatex/biblatex.sty
Package: biblatex 2019/12/01 v3.14 programmable bibliographies (PK/MW)

(c:/texlive/2020/texmf-dist/tex/latex/pdftexcmds/pdftexcmds.sty
Package: pdftexcmds 2019/11/24 v0.31 Utility functions of pdfTeX for LuaTeX (HO
)

(c:/texlive/2020/texmf-dist/tex/generic/infwarerr/infwarerr.sty
Package: infwarerr 2019/12/03 v1.5 Providing info/warning/error messages (HO)
)
(c:/texlive/2020/texmf-dist/tex/generic/iftex/iftex.sty
Package: iftex 2020/03/06 v1.0d TeX engine tests
)
(c:/texlive/2020/texmf-dist/tex/generic/ltxcmds/ltxcmds.sty
Package: ltxcmds 2019/12/15 v1.24 LaTeX kernel commands for general use (HO)
)
Package pdftexcmds Info: \pdf@primitive is available.
Package pdftexcmds Info: \pdf@ifprimitive is available.
Package pdftexcmds Info: \pdfdraftmode found.
)
(c:/texlive/2020/texmf-dist/tex/latex/etoolbox/etoolbox.sty
Package: etoolbox 2019/09/21 v2.5h e-TeX tools for LaTeX (JAW)
\etb@tempcnta=\count191
)
(c:/texlive/2020/texmf-dist/tex/latex/kvoptions/kvoptions.sty
Package: kvoptions 2019/11/29 v3.13 Key value format for package options (HO)

(c:/texlive/2020/texmf-dist/tex/generic/kvsetkeys/kvsetkeys.sty
Package: kvsetkeys 2019/12/15 v1.18 Key value parser (HO)
))
(c:/texlive/2020/texmf-dist/tex/latex/logreq/logreq.sty
Package: logreq 2010/08/04 v1.0 xml request logger
\lrq@indent=\count192

(c:/texlive/2020/texmf-dist/tex/latex/logreq/logreq.def
File: logreq.def 2010/08/04 v1.0 logreq spec v1.0
))
(c:/texlive/2020/texmf-dist/tex/latex/base/ifthen.sty
Package: ifthen 2014/09/29 v1.1c Standard LaTeX ifthen package (DPC)
)
(c:/texlive/2020/texmf-dist/tex/latex/url/url.sty
\Urlmuskip=\muskip16
Package: url 2013/09/16  ver 3.4  Verb mode for urls, etc.
)
\c@tabx@nest=\count193
\c@listtotal=\count194
\c@listcount=\count195
\c@liststart=\count196
\c@liststop=\count197
\c@citecount=\count198
\c@citetotal=\count199
\c@multicitecount=\count266
\c@multicitetotal=\count267
\c@instcount=\count268
\c@maxnames=\count269
\c@minnames=\count270
\c@maxitems=\count271
\c@minitems=\count272
\c@citecounter=\count273
\c@maxcitecounter=\count274
\c@savedcitecounter=\count275
\c@uniquelist=\count276
\c@uniquename=\count277
\c@refsection=\count278
\c@refsegment=\count279
\c@maxextratitle=\count280
\c@maxextratitleyear=\count281
\c@maxextraname=\count282
\c@maxextradate=\count283
\c@maxextraalpha=\count284
\c@abbrvpenalty=\count285
\c@highnamepenalty=\count286
\c@lownamepenalty=\count287
\c@maxparens=\count288
\c@parenlevel=\count289
\blx@tempcnta=\count290
\blx@tempcntb=\count291
\blx@tempcntc=\count292
\blx@maxsection=\count293
\blx@maxsegment@0=\count294
\blx@notetype=\count295
\blx@parenlevel@text=\count296
\blx@parenlevel@foot=\count297
\blx@sectionciteorder@0=\count298
\blx@entrysetcounter=\count299
\labelnumberwidth=\skip64
\labelalphawidth=\skip65
\biblabelsep=\skip66
\bibitemsep=\skip67
\bibnamesep=\skip68
\bibinitsep=\skip69
\bibparsep=\skip70
\bibhang=\skip71
\blx@bcfin=\read3
\blx@bcfout=\write3
\blx@langwohyphens=\language87
\c@mincomprange=\count300
\c@maxcomprange=\count301
\c@mincompwidth=\count302
Package biblatex Info: Trying to load biblatex default data model...
Package biblatex Info: ... file 'blx-dm.def' found.

(c:/texlive/2020/texmf-dist/tex/latex/biblatex/blx-dm.def
File: blx-dm.def 2019/12/01 v3.14 biblatex localization (PK/MW)
)
Package biblatex Info: Trying to load biblatex custom data model...
Package biblatex Info: ... file 'biblatex-dm.cfg' not found.
\c@afterword=\count303
\c@savedafterword=\count304
\c@annotator=\count305
\c@savedannotator=\count306
\c@author=\count307
\c@savedauthor=\count308
\c@bookauthor=\count309
\c@savedbookauthor=\count310
\c@commentator=\count311
\c@savedcommentator=\count312
\c@editor=\count313
\c@savededitor=\count314
\c@editora=\count315
\c@savededitora=\count316
\c@editorb=\count317
\c@savededitorb=\count318
\c@editorc=\count319
\c@savededitorc=\count320
\c@foreword=\count321
\c@savedforeword=\count322
\c@holder=\count323
\c@savedholder=\count324
\c@introduction=\count325
\c@savedintroduction=\count326
\c@namea=\count327
\c@savednamea=\count328
\c@nameb=\count329
\c@savednameb=\count330
\c@namec=\count331
\c@savednamec=\count332
\c@translator=\count333
\c@savedtranslator=\count334
\c@shortauthor=\count335
\c@savedshortauthor=\count336
\c@shorteditor=\count337
\c@savedshorteditor=\count338
\c@labelname=\count339
\c@savedlabelname=\count340
\c@institution=\count341
\c@savedinstitution=\count342
\c@lista=\count343
\c@savedlista=\count344
\c@listb=\count345
\c@savedlistb=\count346
\c@listc=\count347
\c@savedlistc=\count348
\c@listd=\count349
\c@savedlistd=\count350
\c@liste=\count351
\c@savedliste=\count352
\c@listf=\count353
\c@savedlistf=\count354
\c@location=\count355
\c@savedlocation=\count356
\c@organization=\count357
\c@savedorganization=\count358
\c@origlocation=\count359
\c@savedoriglocation=\count360
\c@origpublisher=\count361
\c@savedorigpublisher=\count362
\c@publisher=\count363
\c@savedpublisher=\count364
\c@language=\count365
\c@savedlanguage=\count366
\c@origlanguage=\count367
\c@savedoriglanguage=\count368
\c@pageref=\count369
\c@savedpageref=\count370
\shorthandwidth=\skip72
\shortjournalwidth=\skip73
\shortserieswidth=\skip74
\shorttitlewidth=\skip75
\shortauthorwidth=\skip76
\shorteditorwidth=\skip77
\locallabelnumberwidth=\skip78
\locallabelalphawidth=\skip79
\localshorthandwidth=\skip80
\localshortjournalwidth=\skip81
\localshortserieswidth=\skip82
\localshorttitlewidth=\skip83
\localshortauthorwidth=\skip84
\localshorteditorwidth=\skip85
Package biblatex Info: Trying to load compatibility code...
Package biblatex Info: ... file 'blx-compat.def' found.

(c:/texlive/2020/texmf-dist/tex/latex/biblatex/blx-compat.def
File: blx-compat.def 2019/12/01 v3.14 biblatex compatibility (PK/MW)
)
Package biblatex Info: Trying to load BibTeX backend compatibility...
Package biblatex Info: ... file 'blx-bibtex.def' found.

(c:/texlive/2020/texmf-dist/tex/latex/biblatex/blx-bibtex.def
File: blx-bibtex.def 2019/12/01 v3.14 biblatex compatibility (PK/MW)


Package biblatex Warning: Using fall-back BibTeX(8) backend:
(biblatex)                functionality may be reduced/unavailable.

)
Package biblatex Info: Trying to load generic definitions...
Package biblatex Info: ... file 'biblatex.def' found.
 (c:/texlive/2020/texmf-dist/tex/latex/biblatex/biblatex.def
File: biblatex.def 2019/12/01 v3.14 biblatex compatibility (PK/MW)
\c@textcitecount=\count371
\c@textcitetotal=\count372
\c@textcitemaxnames=\count373
\c@biburlbigbreakpenalty=\count374
\c@biburlbreakpenalty=\count375
\c@biburlnumpenalty=\count376
\c@biburlucpenalty=\count377
\c@biburllcpenalty=\count378
\biburlbigskip=\muskip17
\biburlnumskip=\muskip18
\biburlucskip=\muskip19
\biburllcskip=\muskip20
\c@smartand=\count379
)
Package biblatex Info: Trying to load bibliography style 'numeric'...
Package biblatex Info: ... file 'numeric.bbx' found.

(c:/texlive/2020/texmf-dist/tex/latex/biblatex/bbx/numeric.bbx
File: numeric.bbx 2019/12/01 v3.14 biblatex bibliography style (PK/MW)
Package biblatex Info: Trying to load bibliography style 'standard'...
Package biblatex Info: ... file 'standard.bbx' found.

(c:/texlive/2020/texmf-dist/tex/latex/biblatex/bbx/standard.bbx
File: standard.bbx 2019/12/01 v3.14 biblatex bibliography style (PK/MW)
\c@bbx:relatedcount=\count380
\c@bbx:relatedtotal=\count381
))
Package biblatex Info: Trying to load citation style 'numeric'...
Package biblatex Info: ... file 'numeric.cbx' found.

(c:/texlive/2020/texmf-dist/tex/latex/biblatex/cbx/numeric.cbx
File: numeric.cbx 2019/12/01 v3.14 biblatex citation style (PK/MW)
Package biblatex Info: Redefining '\cite'.
Package biblatex Info: Redefining '\parencite'.
Package biblatex Info: Redefining '\footcite'.
Package biblatex Info: Redefining '\footcitetext'.
Package biblatex Info: Redefining '\smartcite'.
Package biblatex Info: Redefining '\supercite'.
Package biblatex Info: Redefining '\textcite'.
Package biblatex Info: Redefining '\textcites'.
Package biblatex Info: Redefining '\cites'.
Package biblatex Info: Redefining '\parencites'.
Package biblatex Info: Redefining '\smartcites'.
)
Package biblatex Info: Trying to load configuration file...
Package biblatex Info: ... file 'biblatex.cfg' found.

(c:/texlive/2020/texmf-dist/tex/latex/biblatex/biblatex.cfg
File: biblatex.cfg 
))
(c:/texlive/2020/texmf-dist/tex/latex/hyperref/hyperref.sty
Package: hyperref 2020-05-15 v7.00e Hypertext links for LaTeX

(c:/texlive/2020/texmf-dist/tex/generic/kvdefinekeys/kvdefinekeys.sty
Package: kvdefinekeys 2019-12-19 v1.6 Define keys (HO)
)
(c:/texlive/2020/texmf-dist/tex/generic/pdfescape/pdfescape.sty
Package: pdfescape 2019/12/09 v1.15 Implements pdfTeX's escape features (HO)
)
(c:/texlive/2020/texmf-dist/tex/latex/hycolor/hycolor.sty
Package: hycolor 2020-01-27 v1.10 Color options for hyperref/bookmark (HO)
)
(c:/texlive/2020/texmf-dist/tex/latex/letltxmacro/letltxmacro.sty
Package: letltxmacro 2019/12/03 v1.6 Let assignment for LaTeX macros (HO)
)
(c:/texlive/2020/texmf-dist/tex/latex/auxhook/auxhook.sty
Package: auxhook 2019-12-17 v1.6 Hooks for auxiliary files (HO)
)
\@linkdim=\dimen143
\Hy@linkcounter=\count382
\Hy@pagecounter=\count383

(c:/texlive/2020/texmf-dist/tex/latex/hyperref/pd1enc.def
File: pd1enc.def 2020-05-15 v7.00e Hyperref: PDFDocEncoding definition (HO)
Now handling font encoding PD1 ...
... no UTF-8 mapping file for font encoding PD1
)
(c:/texlive/2020/texmf-dist/tex/generic/intcalc/intcalc.sty
Package: intcalc 2019/12/15 v1.3 Expandable calculations with integers (HO)
)
(c:/texlive/2020/texmf-dist/tex/generic/etexcmds/etexcmds.sty
Package: etexcmds 2019/12/15 v1.7 Avoid name clashes with e-TeX commands (HO)
)
\Hy@SavedSpaceFactor=\count384
Package hyperref Info: Option `colorlinks' set `false' on input line 4338.
Package hyperref Info: Hyper figures OFF on input line 4464.
Package hyperref Info: Link nesting OFF on input line 4469.
Package hyperref Info: Hyper index ON on input line 4472.
Package hyperref Info: Plain pages OFF on input line 4479.
Package hyperref Info: Backreferencing OFF on input line 4484.
Package hyperref Info: Implicit mode ON; LaTeX internals redefined.
Package hyperref Info: Bookmarks ON on input line 4717.
\c@Hy@tempcnt=\count385
LaTeX Info: Redefining \url on input line 5076.
\XeTeXLinkMargin=\dimen144

(c:/texlive/2020/texmf-dist/tex/generic/bitset/bitset.sty
Package: bitset 2019/12/09 v1.3 Handle bit-vector datatype (HO)

(c:/texlive/2020/texmf-dist/tex/generic/bigintcalc/bigintcalc.sty
Package: bigintcalc 2019/12/15 v1.5 Expandable calculations on big integers (HO
)
))
\Fld@menulength=\count386
\Field@Width=\dimen145
\Fld@charsize=\dimen146
Package hyperref Info: Hyper figures OFF on input line 6347.
Package hyperref Info: Link nesting OFF on input line 6352.
Package hyperref Info: Hyper index ON on input line 6355.
Package hyperref Info: backreferencing OFF on input line 6362.
Package hyperref Info: Link coloring OFF on input line 6367.
Package hyperref Info: Link coloring with OCG OFF on input line 6372.
Package hyperref Info: PDF/A mode OFF on input line 6377.
LaTeX Info: Redefining \ref on input line 6417.
LaTeX Info: Redefining \pageref on input line 6421.

(c:/texlive/2020/texmf-dist/tex/generic/atbegshi/atbegshi.sty
Package: atbegshi 2019/12/05 v1.19 At begin shipout hook (HO)
)
\Hy@abspage=\count387
\c@Item=\count388
\c@Hfootnote=\count389
)
Package hyperref Info: Driver (autodetected): hpdftex.

(c:/texlive/2020/texmf-dist/tex/latex/hyperref/hpdftex.def
File: hpdftex.def 2020-05-15 v7.00e Hyperref driver for pdfTeX

(c:/texlive/2020/texmf-dist/tex/latex/atveryend/atveryend.sty
Package: atveryend 2019-12-11 v1.11 Hooks at the very end of document (HO)
)
\Fld@listcount=\count390
\c@bookmark@seq@number=\count391

(c:/texlive/2020/texmf-dist/tex/latex/rerunfilecheck/rerunfilecheck.sty
Package: rerunfilecheck 2019/12/05 v1.9 Rerun checks for auxiliary files (HO)

(c:/texlive/2020/texmf-dist/tex/generic/uniquecounter/uniquecounter.sty
Package: uniquecounter 2019/12/15 v1.4 Provide unlimited unique counter (HO)
)
Package uniquecounter Info: New unique counter `rerunfilecheck' on input line 2
86.
)
\Hy@SectionHShift=\skip86
)
(c:/texlive/2020/texmf-dist/tex/latex/tools/array.sty
Package: array 2019/08/31 v2.4l Tabular extension package (FMi)
\col@sep=\dimen147
\ar@mcellbox=\box51
\extrarowheight=\dimen148
\NC@list=\toks23
\extratabsurround=\skip87
\backup@length=\skip88
\ar@cellbox=\box52
)
(c:/texlive/2020/texmf-dist/tex/latex/glossaries/base/glossaries.sty
Package: glossaries 2020/03/19 v4.46 (NLCT)

(c:/texlive/2020/texmf-dist/tex/latex/xkeyval/xkeyval.sty
Package: xkeyval 2014/12/03 v2.7a package option processing (HA)

(c:/texlive/2020/texmf-dist/tex/generic/xkeyval/xkeyval.tex
(c:/texlive/2020/texmf-dist/tex/generic/xkeyval/xkvutils.tex
\XKV@toks=\toks24
\XKV@tempa@toks=\toks25
)
\XKV@depth=\count392
File: xkeyval.tex 2014/12/03 v2.7a key=value parser (HA)
))
(c:/texlive/2020/texmf-dist/tex/latex/mfirstuc/mfirstuc.sty
Package: mfirstuc 2017/11/14 v2.06 (NLCT)
\@glsmfirst=\toks26
\@glsmrest=\toks27
)
(c:/texlive/2020/texmf-dist/tex/latex/textcase/textcase.sty
Package: textcase 2019/09/14 v1.00 Text only upper/lower case changing (DPC)
)
(c:/texlive/2020/texmf-dist/tex/latex/xfor/xfor.sty
Package: xfor 2009/02/05 v1.05 (NLCT)
)
(c:/texlive/2020/texmf-dist/tex/latex/datatool/datatool-base.sty
Package: datatool-base 2019/09/27 v2.32 (NLCT)

(c:/texlive/2020/texmf-dist/tex/latex/amsmath/amsmath.sty
Package: amsmath 2020/01/20 v2.17e AMS math features
\@mathmargin=\skip89

For additional information on amsmath, use the `?' option.
(c:/texlive/2020/texmf-dist/tex/latex/amsmath/amstext.sty
Package: amstext 2000/06/29 v2.01 AMS text

(c:/texlive/2020/texmf-dist/tex/latex/amsmath/amsgen.sty
File: amsgen.sty 1999/11/30 v2.0 generic functions
\@emptytoks=\toks28
\ex@=\dimen149
))
(c:/texlive/2020/texmf-dist/tex/latex/amsmath/amsbsy.sty
Package: amsbsy 1999/11/29 v1.2d Bold Symbols
\pmbraise@=\dimen150
)
(c:/texlive/2020/texmf-dist/tex/latex/amsmath/amsopn.sty
Package: amsopn 2016/03/08 v2.02 operator names
)
\inf@bad=\count393
LaTeX Info: Redefining \frac on input line 227.
\uproot@=\count394
\leftroot@=\count395
LaTeX Info: Redefining \overline on input line 389.
\classnum@=\count396
\DOTSCASE@=\count397
LaTeX Info: Redefining \ldots on input line 486.
LaTeX Info: Redefining \dots on input line 489.
LaTeX Info: Redefining \cdots on input line 610.
\Mathstrutbox@=\box53
\strutbox@=\box54
\big@size=\dimen151
LaTeX Font Info:    Redeclaring font encoding OML on input line 733.
LaTeX Font Info:    Redeclaring font encoding OMS on input line 734.
\macc@depth=\count398
\c@MaxMatrixCols=\count399
\dotsspace@=\muskip21
\c@parentequation=\count400
\dspbrk@lvl=\count401
\tag@help=\toks29
\row@=\count402
\column@=\count403
\maxfields@=\count404
\andhelp@=\toks30
\eqnshift@=\dimen152
\alignsep@=\dimen153
\tagshift@=\dimen154
\tagwidth@=\dimen155
\totwidth@=\dimen156
\lineht@=\dimen157
\@envbody=\toks31
\multlinegap=\skip90
\multlinetaggap=\skip91
\mathdisplay@stack=\toks32
LaTeX Info: Redefining \[ on input line 2859.
LaTeX Info: Redefining \] on input line 2860.
)
(c:/texlive/2020/texmf-dist/tex/latex/substr/substr.sty
Package: substr 2009/10/20 v1.2 Handle substrings
\c@su@anzahl=\count405
)
(c:/texlive/2020/texmf-dist/tex/latex/datatool/datatool-fp.sty
Package: datatool-fp 2019/09/27 v2.32 (NLCT)

(c:/texlive/2020/texmf-dist/tex/latex/fp/fp.sty
Package: fp 1995/04/02

`Fixed Point Package', Version 0.8, April 2, 1995 (C) Michael Mehlich
(c:/texlive/2020/texmf-dist/tex/latex/fp/defpattern.sty
Package: defpattern 1994/10/12
\actioncount=\count406
)
(c:/texlive/2020/texmf-dist/tex/latex/fp/fp-basic.sty
Package: fp-basic 1996/05/13
\FP@xs=\count407
\FP@xia=\count408
\FP@xib=\count409
\FP@xfa=\count410
\FP@xfb=\count411
\FP@rega=\count412
\FP@regb=\count413
\FP@regs=\count414
\FP@times=\count415
)
(c:/texlive/2020/texmf-dist/tex/latex/fp/fp-addons.sty
Package: fp-addons 1995/03/15
)
(c:/texlive/2020/texmf-dist/tex/latex/fp/fp-snap.sty
Package: fp-snap 1995/04/05
)
(c:/texlive/2020/texmf-dist/tex/latex/fp/fp-exp.sty
Package: fp-exp 1995/04/03
)
(c:/texlive/2020/texmf-dist/tex/latex/fp/fp-trigo.sty
Package: fp-trigo 1995/04/14
)
(c:/texlive/2020/texmf-dist/tex/latex/fp/fp-pas.sty
Package: fp-pas 1994/08/29
)
(c:/texlive/2020/texmf-dist/tex/latex/fp/fp-random.sty
Package: fp-random 1995/02/23
\FPseed=\count416
)
(c:/texlive/2020/texmf-dist/tex/latex/fp/fp-eqn.sty
Package: fp-eqn 1995/04/03
)
(c:/texlive/2020/texmf-dist/tex/latex/fp/fp-upn.sty
Package: fp-upn 1996/10/21
)
(c:/texlive/2020/texmf-dist/tex/latex/fp/fp-eval.sty
Package: fp-eval 1995/04/03
)))
\@dtl@toks=\toks33
\@dtl@tmpcount=\count417
\dtl@tmplength=\skip92
\dtl@sortresult=\count418
\@dtl@numgrpsepcount=\count419
\@dtl@datatype=\count420
\dtl@codeA=\count421
\dtl@codeB=\count422
\@dtl@foreach@level=\count423
)
(c:/texlive/2020/texmf-dist/tex/latex/glossaries/base/glossaries-compatible-307
.sty
Package: glossaries-compatible-307 2020/03/19 v4.46 (NLCT)
) (c:/texlive/2020/texmf-dist/tex/latex/tracklang/tracklang.sty
Package: tracklang 2019/11/30 v1.4 (NLCT) Track Languages

(c:/texlive/2020/texmf-dist/tex/generic/tracklang/tracklang.tex))
(c:/texlive/2020/texmf-dist/tex/latex/translator/translator.sty
Package: translator 2019-05-31 v1.12a Easy translation of strings in LaTeX
)
(c:/texlive/2020/texmf-dist/tex/latex/glossaries-german/glossaries-german.ldf
File: glossaries-german.ldf 2014/11/23 v1.0
)
\gls@level=\count424
\@gls@tmpb=\toks34
\gls@tmplen=\skip93
\glskeylisttok=\toks35
\glslabeltok=\toks36
\glsshorttok=\toks37
\glslongtok=\toks38

(c:/texlive/2020/texmf-dist/tex/latex/glossaries/styles/glossary-hypernav.sty
Package: glossary-hypernav 2020/03/19 v4.46 (NLCT)
)
(c:/texlive/2020/texmf-dist/tex/latex/glossaries/styles/glossary-list.sty
Package: glossary-list 2020/03/19 v4.46 (NLCT)
\glslistdottedwidth=\skip94
)
(c:/texlive/2020/texmf-dist/tex/latex/glossaries/styles/glossary-long.sty
Package: glossary-long 2020/03/19 v4.46 (NLCT)

(c:/texlive/2020/texmf-dist/tex/latex/tools/longtable.sty
Package: longtable 2020/01/07 v4.13 Multi-page Table package (DPC)
\LTleft=\skip95
\LTright=\skip96
\LTpre=\skip97
\LTpost=\skip98
\LTchunksize=\count425
\LTcapwidth=\dimen158
\LT@head=\box55
\LT@firsthead=\box56
\LT@foot=\box57
\LT@lastfoot=\box58
\LT@cols=\count426
\LT@rows=\count427
\c@LT@tables=\count428
\c@LT@chunks=\count429
\LT@p@ftn=\toks39
)
Class scrreprt Info: longtable captions redefined on input line 43.
\glsdescwidth=\skip99
\glspagelistwidth=\skip100
)
(c:/texlive/2020/texmf-dist/tex/latex/glossaries/styles/glossary-super.sty
Package: glossary-super 2020/03/19 v4.46 (NLCT)

(c:/texlive/2020/texmf-dist/tex/latex/supertabular/supertabular.sty
Package: supertabular 2020/02/02 v4.1g the supertabular environment
\c@tracingst=\count430
\ST@wd=\dimen159
\ST@rightskip=\skip101
\ST@leftskip=\skip102
\ST@parfillskip=\skip103
\ST@pageleft=\dimen160
\ST@headht=\dimen161
\ST@tailht=\dimen162
\ST@pagesofar=\dimen163
\ST@pboxht=\dimen164
\ST@lineht=\dimen165
\ST@prevht=\dimen166
\ST@toadd=\dimen167
\ST@dimen=\dimen168
\ST@pbox=\box59
))
(c:/texlive/2020/texmf-dist/tex/latex/glossaries/styles/glossary-tree.sty
Package: glossary-tree 2020/03/19 v4.46 (NLCT)
\glstreeindent=\skip104
))
(c:/texlive/2020/texmf-dist/tex/latex/pdfpages/pdfpages.sty
Package: pdfpages 2020/01/28 v0.5q Insert pages of external PDF documents (AM)

(c:/texlive/2020/texmf-dist/tex/latex/tools/calc.sty
Package: calc 2017/05/25 v4.3 Infix arithmetic (KKT,FJ)
\calc@Acount=\count431
\calc@Bcount=\count432
\calc@Adimen=\dimen169
\calc@Bdimen=\dimen170
\calc@Askip=\skip105
\calc@Bskip=\skip106
LaTeX Info: Redefining \setlength on input line 80.
LaTeX Info: Redefining \addtolength on input line 81.
\calc@Ccount=\count433
\calc@Cskip=\skip107
)
(c:/texlive/2020/texmf-dist/tex/latex/eso-pic/eso-pic.sty
Package: eso-pic 2018/04/12 v2.0h eso-pic (RN)
)
\AM@pagewidth=\dimen171
\AM@pageheight=\dimen172

(c:/texlive/2020/texmf-dist/tex/latex/pdfpages/pppdftex.def
File: pppdftex.def 2020/01/28 v0.5q Pdfpages driver for pdfTeX (AM)
)
\AM@pagebox=\box60
\AM@global@opts=\toks40
\AM@pagecnt=\count434
\AM@toc@title=\toks41
\c@AM@survey=\count435
\AM@templatesizebox=\box61
)
(c:/texlive/2020/texmf-dist/tex/latex/chngcntr/chngcntr.sty
Package: chngcntr 2018/04/09 v1.1a change counter resetting
Package chngcntr Info: \counterwithout already defined.
(chngcntr)             Quitting chngcntr on input line 21.
) (./codestyle.sty
Package: codestyle 
)
(c:/texlive/2020/texmf-dist/tex/latex/xcolor/xcolor.sty
Package: xcolor 2016/05/11 v2.12 LaTeX color extensions (UK)

(c:/texlive/2020/texmf-dist/tex/latex/graphics-cfg/color.cfg
File: color.cfg 2016/01/02 v1.6 sample color configuration
)
Package xcolor Info: Driver file: pdftex.def on input line 225.
LaTeX Info: Redefining \color on input line 709.
Package xcolor Info: Model `cmy' substituted by `cmy0' on input line 1348.
Package xcolor Info: Model `hsb' substituted by `rgb' on input line 1352.
Package xcolor Info: Model `RGB' extended on input line 1364.
Package xcolor Info: Model `HTML' substituted by `rgb' on input line 1366.
Package xcolor Info: Model `Hsb' substituted by `hsb' on input line 1367.
Package xcolor Info: Model `tHsb' substituted by `hsb' on input line 1368.
Package xcolor Info: Model `HSB' substituted by `hsb' on input line 1369.
Package xcolor Info: Model `Gray' substituted by `gray' on input line 1370.
Package xcolor Info: Model `wave' substituted by `hsb' on input line 1371.
)
(c:/texlive/2020/texmf-dist/tex/latex/geometry/geometry.sty
Package: geometry 2020/01/02 v5.9 Page Geometry

(c:/texlive/2020/texmf-dist/tex/generic/iftex/ifvtex.sty
Package: ifvtex 2019/10/25 v1.7 ifvtex legacy package. Use iftex instead.
)
\Gm@cnth=\count436
\Gm@cntv=\count437
\c@Gm@tempcnt=\count438
\Gm@bindingoffset=\dimen173
\Gm@wd@mp=\dimen174
\Gm@odd@mp=\dimen175
\Gm@even@mp=\dimen176
\Gm@layoutwidth=\dimen177
\Gm@layoutheight=\dimen178
\Gm@layouthoffset=\dimen179
\Gm@layoutvoffset=\dimen180
\Gm@dimlist=\toks42
)
\glswrite=\write4
\glo@acronym@file=\write5
\openout5 = `Dokumentation_BT-Projekt.acn'.

Package glossaries Info: Writing glossary file Dokumentation_BT-Projekt.acn on 
input line 99.


Package biblatex Warning: 'babel/polyglossia' detected but 'csquotes' missing.
(biblatex)                Loading 'csquotes' recommended.

\@quotelevel=\count439
\@quotereset=\count440
(c:/texlive/2020/texmf-dist/tex/latex/l3backend/l3backend-pdfmode.def
File: l3backend-pdfmode.def 2020-05-05 L3 backend support: PDF mode
\l__kernel_color_stack_int=\count441
\l__pdf_internal_box=\box62
)
(./Dokumentation_BT-Projekt.aux)
\openout1 = `Dokumentation_BT-Projekt.aux'.

LaTeX Font Info:    Checking defaults for OML/cmm/m/it on input line 160.
LaTeX Font Info:    ... okay on input line 160.
LaTeX Font Info:    Checking defaults for OMS/cmsy/m/n on input line 160.
LaTeX Font Info:    ... okay on input line 160.
LaTeX Font Info:    Checking defaults for OT1/cmr/m/n on input line 160.
LaTeX Font Info:    ... okay on input line 160.
LaTeX Font Info:    Checking defaults for T1/cmr/m/n on input line 160.
LaTeX Font Info:    ... okay on input line 160.
LaTeX Font Info:    Checking defaults for TS1/cmr/m/n on input line 160.
LaTeX Font Info:    ... okay on input line 160.
LaTeX Font Info:    Checking defaults for OMX/cmex/m/n on input line 160.
LaTeX Font Info:    ... okay on input line 160.
LaTeX Font Info:    Checking defaults for U/cmr/m/n on input line 160.
LaTeX Font Info:    ... okay on input line 160.
LaTeX Font Info:    Checking defaults for PD1/pdf/m/n on input line 160.
LaTeX Font Info:    ... okay on input line 160.

(c:/texlive/2020/texmf-dist/tex/context/base/mkii/supp-pdf.mkii
[Loading MPS to PDF converter (version 2006.09.02).]
\scratchcounter=\count442
\scratchdimen=\dimen181
\scratchbox=\box63
\nofMPsegments=\count443
\nofMParguments=\count444
\everyMPshowfont=\toks43
\MPscratchCnt=\count445
\MPscratchDim=\dimen182
\MPnumerator=\count446
\makeMPintoPDFobject=\count447
\everyMPtoPDFconversion=\toks44
) (c:/texlive/2020/texmf-dist/tex/latex/epstopdf-pkg/epstopdf-base.sty
Package: epstopdf-base 2020-01-24 v2.11 Base part for package epstopdf
Package epstopdf-base Info: Redefining graphics rule for `.eps' on input line 4
85.

(c:/texlive/2020/texmf-dist/tex/latex/latexconfig/epstopdf-sys.cfg
File: epstopdf-sys.cfg 2010/07/13 v1.3 Configuration of (r)epstopdf for TeX Liv
e
))
\c@lstlisting=\count448
Package biblatex Info: Trying to load language 'ngerman'...
Package biblatex Info: ... file 'ngerman.lbx' found.

(c:/texlive/2020/texmf-dist/tex/latex/biblatex/lbx/ngerman.lbx
File: ngerman.lbx 2019/12/01 v3.14 biblatex localization (PK/MW)
Package biblatex Info: Trying to load language 'german'...
Package biblatex Info: ... file 'german.lbx' found.

(c:/texlive/2020/texmf-dist/tex/latex/biblatex/lbx/german.lbx
File: german.lbx 2019/12/01 v3.14 biblatex localization (PK/MW)
)
Package biblatex Info: Trying to load language 'german'...
Package biblatex Info: ... file 'german.lbx' found.

(c:/texlive/2020/texmf-dist/tex/latex/biblatex/lbx/german.lbx
File: german.lbx 2019/12/01 v3.14 biblatex localization (PK/MW)
))
Package biblatex Info: Input encoding 'utf8' detected.
Package biblatex Info: Automatic encoding selection.
(biblatex)             Assuming data encoding 'utf8'.
Package biblatex Info: Input encoding 'utf8' specified.
Package biblatex Info: Data encoding 'utf8' specified.
(biblatex)             No need to reencode data.
\openout3 = `Dokumentation_BT-Projekt-blx.bib'.

Package biblatex Info: Trying to load bibliographic data...
Package biblatex Info: ... file 'Dokumentation_BT-Projekt.bbl' found.

(./Dokumentation_BT-Projekt.bbl)
Package biblatex Info: Reference section=0 on input line 160.
Package biblatex Info: Reference segment=0 on input line 160.
\AtBeginShipoutBox=\box64
Package hyperref Info: Link coloring OFF on input line 160.

(c:/texlive/2020/texmf-dist/tex/latex/hyperref/nameref.sty
Package: nameref 2019/09/16 v2.46 Cross-referencing by name of section

(c:/texlive/2020/texmf-dist/tex/latex/refcount/refcount.sty
Package: refcount 2019/12/15 v3.6 Data extraction from label references (HO)
)
(c:/texlive/2020/texmf-dist/tex/generic/gettitlestring/gettitlestring.sty
Package: gettitlestring 2019/12/15 v1.6 Cleanup title references (HO)
)
\c@section@level=\count449
)
LaTeX Info: Redefining \ref on input line 160.
LaTeX Info: Redefining \pageref on input line 160.
LaTeX Info: Redefining \nameref on input line 160.

(./Dokumentation_BT-Projekt.out) (./Dokumentation_BT-Projekt.out)
\@outlinefile=\write6
\openout6 = `Dokumentation_BT-Projekt.out'.

Class scrreprt Info: loading recommended package `bookmark'.
(scrreprt)           Using `bookmark' together with `hyperref' is recommended,
(scrreprt)           because of handling of possible bookmark level gaps.
(scrreprt)           You can avoid loading `bookmark' with KOMA-Script option
(scrreprt)           `bookmarkpackage=false' before \begin{document} and
(scrreprt)           you can avoid this message adding:
(scrreprt)             \usepackage{bookmark}
(scrreprt)           before \begin{document} on input line 160.

(c:/texlive/2020/texmf-dist/tex/latex/bookmark/bookmark.sty
Package: bookmark 2019/12/03 v1.28 PDF bookmarks (HO)

(c:/texlive/2020/texmf-dist/tex/latex/bookmark/bkm-pdftex.def
File: bkm-pdftex.def 2019/12/03 v1.28 bookmark driver for pdfTeX (HO)
Package auxhook Info: \AddLineBeginMainAux comes a little late,
(auxhook)             because the main .aux file is already opened on input lin
e 168.
\BKM@id=\count450
))
(c:/texlive/2020/texmf-dist/tex/latex/pdflscape/pdflscape.sty
Package: pdflscape 2019/12/05 v0.12 Display of landscape pages in PDF (HO)

(c:/texlive/2020/texmf-dist/tex/latex/graphics/lscape.sty
Package: lscape 2000/10/22 v3.01 Landscape Pages (DPC)
)
Package pdflscape Info: Auto-detected driver: pdftex on input line 81.
)
*geometry* driver: auto-detecting
*geometry* detected driver: pdftex
*geometry* verbose mode - [ preamble ] result:
* driver: pdftex
* paper: a4paper
* layout: <same size as paper>
* layoutoffset:(h,v)=(0.0pt,0.0pt)
* modes: 
* h-part:(L,W,R)=(71.13188pt, 455.24411pt, 71.13188pt)
* v-part:(T,H,B)=(71.13188pt, 702.78308pt, 71.13188pt)
* \paperwidth=597.50787pt
* \paperheight=845.04684pt
* \textwidth=455.24411pt
* \textheight=702.78308pt
* \oddsidemargin=-1.1381pt
* \evensidemargin=-1.1381pt
* \topmargin=-38.53812pt
* \headheight=17.0pt
* \headsep=20.40001pt
* \topskip=11.0pt
* \footskip=47.6pt
* \marginparwidth=59.7508pt
* \marginparsep=12.8401pt
* \columnsep=10.0pt
* \skip\footins=10.0pt plus 4.0pt minus 2.0pt
* \hoffset=0.0pt
* \voffset=0.0pt
* \mag=1000
* \@twocolumnfalse
* \@twosidefalse
* \@mparswitchfalse
* \@reversemarginfalse
* (1in=72.27pt=25.4mm, 1cm=28.453pt)

<./_bilder/__fhdologo.png, id=4, 560.0925pt x 72.27pt>
File: ./_bilder/__fhdologo.png Graphic file (type png)
<use ./_bilder/__fhdologo.png>
Package pdftex.def Info: ./_bilder/__fhdologo.png  used on input line 189.
(pdftex.def)             Requested size: 455.24411pt x 58.74347pt.
LaTeX Font Info:    Trying to load font information for T1+cmss on input line 1
89.
(c:/texlive/2020/texmf-dist/tex/latex/base/t1cmss.fd
File: t1cmss.fd 2019/12/16 v2.5j Standard LaTeX font definitions
) [1

\openout4 = `Dokumentation_BT-Projekt.ist'.



{c:/texlive/2020/texmf-var/fonts/map/pdftex/updmap/pdftex.map} <./_bilder/__fhd
ologo.png>]
(./Dokumentation_BT-Projekt.toc [1

])
\tf@toc=\write7
\openout7 = `Dokumentation_BT-Projekt.toc'.

 [2]

Package glossaries Warning: Deprecated command \glossarystyle.
 I recommend you switch to \setglossarystyle unless you want to maintain backwa
rd compatibility on input line 245.

(./Dokumentation_BT-Projekt.acr) [3


]pdfTeX warning (ext4): destination with the same identifier (name{page.1}) has
 been already used, duplicate ignored
<to be read again> 
                   \relax 
l.274 \chapter
              {Aufgabenstellung} [1

]
chapter 1.

Class scrreprt Warning: \float@addtolists detected!
(scrreprt)              Implementation of \float@addtolist became
(scrreprt)              deprecated in KOMA-Script v3.01 2008/11/14 and
(scrreprt)              has been replaced by several more flexible
(scrreprt)              features of package `tocbasic`.
(scrreprt)              Since Version 3.12 support for deprecated
(scrreprt)              \float@addtolist interface has been
(scrreprt)              restricted to only some of the KOMA-Script
(scrreprt)              features and been removed from others.
(scrreprt)              Loading of package `scrhack' may help to
(scrreprt)              avoid this warning, if you are using a
(scrreprt)              a package that still implements the
(scrreprt)              deprecated \float@addtolist interface.

<./_bilder/PID_Flakes.png, id=139, 674.52pt x 569.87906pt>
File: ./_bilder/PID_Flakes.png Graphic file (type png)
<use ./_bilder/PID_Flakes.png>
Package pdftex.def Info: ./_bilder/PID_Flakes.png  used on input line 284.
(pdftex.def)             Requested size: 422.53116pt x 298.7475pt.
[2

 <./_bilder/PID_Flakes.PNG>] [3]
chapter 2.
[4

]
chapter 3.
[5

]
chapter 4.

Underfull \vbox (badness 10000) detected at line 329
 []

[6

]
Underfull \vbox (badness 10000) detected at line 341
 []

<./_bilder/Chaos.png, id=191, 1307.63531pt x 368.1253pt>
File: ./_bilder/Chaos.png Graphic file (type png)
<use ./_bilder/Chaos.png>
Package pdftex.def Info: ./_bilder/Chaos.png  used on input line 352.
(pdftex.def)             Requested size: 422.52225pt x 119.49887pt.
<./_bilder/sichtbarmachen.png, id=193, 626.34pt x 386.94562pt>
File: ./_bilder/sichtbarmachen.png Graphic file (type png)
<use ./_bilder/sichtbarmachen.png>
Package pdftex.def Info: ./_bilder/sichtbarmachen.png  used on input line 364.
(pdftex.def)             Requested size: 284.53595pt x 175.83617pt.
[7 <./_bilder/Chaos.PNG>]
Underfull \hbox (badness 10000) in paragraph at lines 372--373

 []

<./_bilder/Rohre aus.png, id=202, 871.75688pt x 264.23718pt>
File: ./_bilder/Rohre aus.png Graphic file (type png)
<use ./_bilder/Rohre aus.png>
Package pdftex.def Info: ./_bilder/Rohre aus.png  used on input line 376.
(pdftex.def)             Requested size: 422.52225pt x 128.03795pt.
<./_bilder/Rohre_an.png, id=203, 874.76813pt x 264.99pt>
File: ./_bilder/Rohre_an.png Graphic file (type png)
<use ./_bilder/Rohre_an.png>
Package pdftex.def Info: ./_bilder/Rohre_an.png  used on input line 388.
(pdftex.def)             Requested size: 422.52681pt x 128.03882pt.
[8 <./_bilder/sichtbarmachen.PNG> <./_bilder/Rohre aus.PNG>] [9 <./_bilder/Rohr
e_an.PNG>]
chapter 5.
<./_bilder/koffer.jpg, id=219, 2107.875pt x 2167.09625pt>
File: ./_bilder/koffer.jpg Graphic file (type jpg)
<use ./_bilder/koffer.jpg>
Package pdftex.def Info: ./_bilder/koffer.jpg  used on input line 405.
(pdftex.def)             Requested size: 284.51868pt x 284.51004pt.
<./_bilder/raspi.jpg, id=222, 506.89375pt x 589.20125pt>
File: ./_bilder/raspi.jpg Graphic file (type jpg)
<use ./_bilder/raspi.jpg>
Package pdftex.def Info: ./_bilder/raspi.jpg  used on input line 416.
(pdftex.def)             Requested size: 142.26187pt x 142.26527pt.
[10

 <./_bilder/koffer.jpg>]
<./_bilder/Sensoren_Aktoren.png, id=231, 3540.22626pt x 2168.1pt>
File: ./_bilder/Sensoren_Aktoren.png Graphic file (type png)
<use ./_bilder/Sensoren_Aktoren.png>
Package pdftex.def Info: ./_bilder/Sensoren_Aktoren.png  used on input line 428
.
(pdftex.def)             Requested size: 409.71692pt x 250.89767pt.

Underfull \vbox (badness 10000) detected at line 453
 []

[11 <./_bilder/raspi.jpg> <./_bilder/Sensoren_Aktoren.png>]
Underfull \vbox (badness 10000) detected at line 472
 []

[12]
<./_bilder/Board_Nummern.png, id=262, 480.79625pt x 141.02687pt>
File: ./_bilder/Board_Nummern.png Graphic file (type png)
<use ./_bilder/Board_Nummern.png>
Package pdftex.def Info: ./_bilder/Board_Nummern.png  used on input line 484.
(pdftex.def)             Requested size: 398.34915pt x 113.81151pt.
 [13 <./_bilder/Board_Nummern.png>]
chapter 6.
<./_bilder/Buttons_Beschriftet.png, id=279, 468.24937pt x 460.72125pt>
File: ./_bilder/Buttons_Beschriftet.png Graphic file (type png)
<use ./_bilder/Buttons_Beschriftet.png>
Package pdftex.def Info: ./_bilder/Buttons_Beschriftet.png  used on input line 
506.
(pdftex.def)             Requested size: 199.17125pt x 199.1678pt.
<./_bilder/LED_beschriftet.png, id=280, 219.82124pt x 462.22687pt>
File: ./_bilder/LED_beschriftet.png Graphic file (type png)
<use ./_bilder/LED_beschriftet.png>
Package pdftex.def Info: ./_bilder/LED_beschriftet.png  used on input line 515.

(pdftex.def)             Requested size: 99.58276pt x 227.62163pt.

Underfull \hbox (badness 10000) in paragraph at lines 517--517
[][][]\T1/cmr/m/n/10.95 Im Pro-jekt ver-wen-de-te
 []


Underfull \hbox (badness 10000) in paragraph at lines 525--526

 []

LaTeX Font Info:    Trying to load font information for T1+cmtt on input line 5
27.
(c:/texlive/2020/texmf-dist/tex/latex/base/t1cmtt.fd
File: t1cmtt.fd 2019/12/16 v2.5j Standard LaTeX font definitions
)
Underfull \hbox (badness 10000) in paragraph at lines 527--528

 []

[14

 <./_bilder/Buttons_Beschriftet.PNG> <./_bilder/LED_beschriftet.PNG>]
(c:/texlive/2020/texmf-dist/tex/latex/listings/lstlang1.sty
File: lstlang1.sty 2020/03/24 1.8d listings language file
)

Package xcolor Warning: Incompatible color definition on input line 530.


Package xcolor Warning: Incompatible color definition on input line 530.


Package xcolor Warning: Incompatible color definition on input line 530.


Package xcolor Warning: Incompatible color definition on input line 530.


Package xcolor Warning: Incompatible color definition on input line 530.


Package xcolor Warning: Incompatible color definition on input line 530.


Package xcolor Warning: Incompatible color definition on input line 533.


Package xcolor Warning: Incompatible color definition on input line 533.


Package xcolor Warning: Incompatible color definition on input line 533.


Package xcolor Warning: Incompatible color definition on input line 533.


Package xcolor Warning: Incompatible color definition on input line 533.


Package xcolor Warning: Incompatible color definition on input line 533.


Package xcolor Warning: Incompatible color definition on input line 536.


Package xcolor Warning: Incompatible color definition on input line 536.


Package xcolor Warning: Incompatible color definition on input line 536.


Package xcolor Warning: Incompatible color definition on input line 536.


Package xcolor Warning: Incompatible color definition on input line 536.


Package xcolor Warning: Incompatible color definition on input line 536.


Package xcolor Warning: Incompatible color definition on input line 536.


Package xcolor Warning: Incompatible color definition on input line 536.


Package xcolor Warning: Incompatible color definition on input line 536.


Package xcolor Warning: Incompatible color definition on input line 536.

[15]
Underfull \hbox (badness 10000) in paragraph at lines 544--545

 []


Package xcolor Warning: Incompatible color definition on input line 547.


Package xcolor Warning: Incompatible color definition on input line 547.


Package xcolor Warning: Incompatible color definition on input line 547.


Package xcolor Warning: Incompatible color definition on input line 547.


Package xcolor Warning: Incompatible color definition on input line 547.


Package xcolor Warning: Incompatible color definition on input line 547.


Package xcolor Warning: Incompatible color definition on input line 550.


Package xcolor Warning: Incompatible color definition on input line 550.


Package xcolor Warning: Incompatible color definition on input line 550.


Package xcolor Warning: Incompatible color definition on input line 550.


Package xcolor Warning: Incompatible color definition on input line 550.


Package xcolor Warning: Incompatible color definition on input line 550.


Package xcolor Warning: Incompatible color definition on input line 553.


Package xcolor Warning: Incompatible color definition on input line 553.

<./_bilder/Gui_1-aus_2-an.png, id=336, 416.30531pt x 85.06781pt>
File: ./_bilder/Gui_1-aus_2-an.png Graphic file (type png)
<use ./_bilder/Gui_1-aus_2-an.png>
Package pdftex.def Info: ./_bilder/Gui_1-aus_2-an.png  used on input line 570.
(pdftex.def)             Requested size: 398.35904pt x 85.36224pt.

Underfull \hbox (badness 10000) in paragraph at lines 578--579

 []

LaTeX Font Info:    Font shape `T1/cmtt/bx/n' in size <9> not available
(Font)              Font shape `T1/cmtt/m/n' tried instead on input line 581.

Package xcolor Warning: Incompatible color definition on input line 584.


Package xcolor Warning: Incompatible color definition on input line 584.


Package xcolor Warning: Incompatible color definition on input line 584.

[16 <./_bilder/Gui_1-aus_2-an.PNG>]

Package xcolor Warning: Incompatible color definition on input line 585.


Package xcolor Warning: Incompatible color definition on input line 585.


Package xcolor Warning: Incompatible color definition on input line 585.


Package xcolor Warning: Incompatible color definition on input line 585.


Package xcolor Warning: Incompatible color definition on input line 587.


Package xcolor Warning: Incompatible color definition on input line 587.


Package xcolor Warning: Incompatible color definition on input line 587.


Package xcolor Warning: Incompatible color definition on input line 587.


Package xcolor Warning: Incompatible color definition on input line 587.


Package xcolor Warning: Incompatible color definition on input line 588.


Package xcolor Warning: Incompatible color definition on input line 588.


Package xcolor Warning: Incompatible color definition on input line 588.


Package xcolor Warning: Incompatible color definition on input line 590.


Package xcolor Warning: Incompatible color definition on input line 590.


Package xcolor Warning: Incompatible color definition on input line 590.


Package xcolor Warning: Incompatible color definition on input line 593.


Package xcolor Warning: Incompatible color definition on input line 593.


Package xcolor Warning: Incompatible color definition on input line 593.


Package xcolor Warning: Incompatible color definition on input line 596.


Package xcolor Warning: Incompatible color definition on input line 596.


Package xcolor Warning: Incompatible color definition on input line 596.


Package xcolor Warning: Incompatible color definition on input line 596.


Package xcolor Warning: Incompatible color definition on input line 596.


Package xcolor Warning: Incompatible color definition on input line 596.


Package xcolor Warning: Incompatible color definition on input line 596.


Package xcolor Warning: Incompatible color definition on input line 596.


Package xcolor Warning: Incompatible color definition on input line 596.


Package xcolor Warning: Incompatible color definition on input line 599.


Package xcolor Warning: Incompatible color definition on input line 599.


Package xcolor Warning: Incompatible color definition on input line 599.


Package xcolor Warning: Incompatible color definition on input line 599.


Package xcolor Warning: Incompatible color definition on input line 599.


Package xcolor Warning: Incompatible color definition on input line 600.


Package xcolor Warning: Incompatible color definition on input line 600.


Package xcolor Warning: Incompatible color definition on input line 600.


Package xcolor Warning: Incompatible color definition on input line 602.


Package xcolor Warning: Incompatible color definition on input line 602.


Package xcolor Warning: Incompatible color definition on input line 602.


Package xcolor Warning: Incompatible color definition on input line 605.


Package xcolor Warning: Incompatible color definition on input line 605.


Package xcolor Warning: Incompatible color definition on input line 605.


Package xcolor Warning: Incompatible color definition on input line 608.


Package xcolor Warning: Incompatible color definition on input line 608.


Package xcolor Warning: Incompatible color definition on input line 608.


Package xcolor Warning: Incompatible color definition on input line 608.


Package xcolor Warning: Incompatible color definition on input line 608.


Package xcolor Warning: Incompatible color definition on input line 608.


Package xcolor Warning: Incompatible color definition on input line 608.


Package xcolor Warning: Incompatible color definition on input line 608.


Package xcolor Warning: Incompatible color definition on input line 608.

[17]
<./_bilder/Kommunikation_1.png, id=409, 388.95313pt x 131.49126pt>
File: ./_bilder/Kommunikation_1.png Graphic file (type png)
<use ./_bilder/Kommunikation_1.png>
Package pdftex.def Info: ./_bilder/Kommunikation_1.png  used on input line 622.

(pdftex.def)             Requested size: 298.76482pt x 105.2794pt.

Underfull \hbox (badness 1852) in paragraph at lines 624--624
[][][]\T1/cmr/m/n/10.95 Datenaustausch zwi-schen ex-ter-nem Com-pu-ter und Joy-
Pi ber [][]TCP/IP[]-
 []


Underfull \hbox (badness 10000) in paragraph at lines 631--635

 []

[18 <./_bilder/Kommunikation_1.png>]
chapter 7.
<./_bilder/Hardware.png, id=438, 3540.22626pt x 2168.1pt>
File: ./_bilder/Hardware.png Graphic file (type png)
<use ./_bilder/Hardware.png>
Package pdftex.def Info: ./_bilder/Hardware.png  used on input line 644.
(pdftex.def)             Requested size: 455.24411pt x 278.78622pt.
[19

 <./_bilder/Hardware.png>]
<./_bilder/LEDZustand.jpg, id=451, 2792.4325pt x 1100.11pt>
File: ./_bilder/LEDZustand.jpg Graphic file (type jpg)
<use ./_bilder/LEDZustand.jpg>
Package pdftex.def Info: ./_bilder/LEDZustand.jpg  used on input line 656.
(pdftex.def)             Requested size: 455.24411pt x 179.34488pt.
<./_bilder/GUI1an.jpg, id=458, 853.1875pt x 200.75pt>
File: ./_bilder/GUI1an.jpg Graphic file (type jpg)
<use ./_bilder/GUI1an.jpg>
Package pdftex.def Info: ./_bilder/GUI1an.jpg  used on input line 670.
(pdftex.def)             Requested size: 455.24411pt x 107.11989pt.
<./_bilder/GUI1aus.jpg, id=459, 853.1875pt x 200.75pt>
File: ./_bilder/GUI1aus.jpg Graphic file (type jpg)
<use ./_bilder/GUI1aus.jpg>
Package pdftex.def Info: ./_bilder/GUI1aus.jpg  used on input line 680.
(pdftex.def)             Requested size: 455.24411pt x 107.11989pt.
 [20 <./_bilder/LEDZustand.JPG> <./_bilder/GUI1an.JPG>]
<./_bilder/GUI2an.jpg, id=470, 853.1875pt x 200.75pt>
File: ./_bilder/GUI2an.jpg Graphic file (type jpg)
<use ./_bilder/GUI2an.jpg>
Package pdftex.def Info: ./_bilder/GUI2an.jpg  used on input line 692.
(pdftex.def)             Requested size: 455.24411pt x 107.11989pt.
<./_bilder/GUI2aus.jpg, id=471, 853.1875pt x 200.75pt>
File: ./_bilder/GUI2aus.jpg Graphic file (type jpg)
<use ./_bilder/GUI2aus.jpg>
Package pdftex.def Info: ./_bilder/GUI2aus.jpg  used on input line 702.
(pdftex.def)             Requested size: 455.24411pt x 107.11989pt.
 [21 <./_bilder/GUI1aus.JPG> <./_bilder/GUI2an.JPG> <./_bilder/GUI2aus.JPG>]

Package xcolor Warning: Incompatible color definition on input line 718.


Package xcolor Warning: Incompatible color definition on input line 718.


Package xcolor Warning: Incompatible color definition on input line 718.


Package xcolor Warning: Incompatible color definition on input line 718.


Package xcolor Warning: Incompatible color definition on input line 718.


Package xcolor Warning: Incompatible color definition on input line 718.


Package xcolor Warning: Incompatible color definition on input line 718.


Package xcolor Warning: Incompatible color definition on input line 718.


Package xcolor Warning: Incompatible color definition on input line 718.


Package xcolor Warning: Incompatible color definition on input line 718.


Package xcolor Warning: Incompatible color definition on input line 719.


Package xcolor Warning: Incompatible color definition on input line 719.


Package xcolor Warning: Incompatible color definition on input line 719.


Package xcolor Warning: Incompatible color definition on input line 719.


Package xcolor Warning: Incompatible color definition on input line 719.


Package xcolor Warning: Incompatible color definition on input line 719.


Package xcolor Warning: Incompatible color definition on input line 721.


Package xcolor Warning: Incompatible color definition on input line 721.


Package xcolor Warning: Incompatible color definition on input line 721.


Package xcolor Warning: Incompatible color definition on input line 721.


Package xcolor Warning: Incompatible color definition on input line 721.


Package xcolor Warning: Incompatible color definition on input line 721.


Package xcolor Warning: Incompatible color definition on input line 721.


Package xcolor Warning: Incompatible color definition on input line 721.


Package xcolor Warning: Incompatible color definition on input line 721.


Package xcolor Warning: Incompatible color definition on input line 721.


Package xcolor Warning: Incompatible color definition on input line 722.


Package xcolor Warning: Incompatible color definition on input line 722.


Package xcolor Warning: Incompatible color definition on input line 722.


Package xcolor Warning: Incompatible color definition on input line 722.


Package xcolor Warning: Incompatible color definition on input line 722.


Package xcolor Warning: Incompatible color definition on input line 722.

[22]
chapter 8.
[23

] [24] (./Dokumentation_BT-Projekt.lof)
\tf@lof=\write8
\openout8 = `Dokumentation_BT-Projekt.lof'.

 [25

] (./Dokumentation_BT-Projekt.lot)
\tf@lot=\write9
\openout9 = `Dokumentation_BT-Projekt.lot'.

 [26

]

Class scrreprt Warning: \float@listhead detected!
(scrreprt)              Implementation of \float@listhead became
(scrreprt)              deprecated in KOMA-Script v3.01 2008/11/14 and
(scrreprt)              has been replaced by several more flexible
(scrreprt)              features of package `tocbasic`.
(scrreprt)              Maybe implementation of \float@listhead will
(scrreprt)              be removed from KOMA-Script soon.
(scrreprt)              Loading of package `scrhack' may help to
(scrreprt)              avoid this warning, if you are using a
(scrreprt)              a package that still implements the
(scrreprt)              deprecated \float@listhead interface on input line 752.


chapter without number
(./Dokumentation_BT-Projekt.lol)
\tf@lol=\write10
\openout10 = `Dokumentation_BT-Projekt.lol'.

 [27

]
chapter without number
[28

]
chapter A.

Underfull \hbox (badness 10000) in paragraph at lines 764--769

 []



pdfTeX warning: pdflatex.exe (file ./main_server.pdf): PDF inclusion: found PDF
 version <1.7>, but at most version <1.5> allowed
<main_server.pdf, id=591, 597.23125pt x 845.1575pt>
File: main_server.pdf Graphic file (type pdf)
<use main_server.pdf>
Package pdftex.def Info: main_server.pdf  used on input line 770.
(pdftex.def)             Requested size: 597.22978pt x 845.15544pt.


pdfTeX warning: pdflatex.exe (file ./main_server.pdf): PDF inclusion: found PDF
 version <1.7>, but at most version <1.5> allowed
File: main_server.pdf Graphic file (type pdf)
<use main_server.pdf>
Package pdftex.def Info: main_server.pdf  used on input line 770.
(pdftex.def)             Requested size: 597.22978pt x 845.15544pt.


pdfTeX warning: pdflatex.exe (file ./main_server.pdf): PDF inclusion: found PDF
 version <1.7>, but at most version <1.5> allowed


pdfTeX warning: pdflatex.exe (file ./main_server.pdf): PDF inclusion: found PDF
 version <1.7>, but at most version <1.5> allowed
<main_server.pdf, id=594, page=1, 597.23125pt x 845.1575pt>
File: main_server.pdf Graphic file (type pdf)
<use main_server.pdf, page 1>
Package pdftex.def Info: main_server.pdf , page1 used on input line 770.
(pdftex.def)             Requested size: 597.22978pt x 845.15544pt.
File: main_server.pdf Graphic file (type pdf)
<use main_server.pdf, page 1>
Package pdftex.def Info: main_server.pdf , page1 used on input line 770.
(pdftex.def)             Requested size: 477.78564pt x 676.12692pt.
[29

]
File: main_server.pdf Graphic file (type pdf)
<use main_server.pdf, page 1>
Package pdftex.def Info: main_server.pdf , page1 used on input line 770.
(pdftex.def)             Requested size: 477.78564pt x 676.12692pt.
File: main_server.pdf Graphic file (type pdf)
<use main_server.pdf, page 1>
Package pdftex.def Info: main_server.pdf , page1 used on input line 770.
(pdftex.def)             Requested size: 477.78564pt x 676.12692pt.
File: main_server.pdf Graphic file (type pdf)
<use main_server.pdf, page 1>
Package pdftex.def Info: main_server.pdf , page1 used on input line 770.
(pdftex.def)             Requested size: 477.78564pt x 676.12692pt.
 [30 <./main_server.pdf>]

pdfTeX warning: pdflatex.exe (file ./server.pdf): PDF inclusion: found PDF vers
ion <1.7>, but at most version <1.5> allowed
<server.pdf, id=605, 597.23125pt x 845.1575pt>
File: server.pdf Graphic file (type pdf)
<use server.pdf>
Package pdftex.def Info: server.pdf  used on input line 771.
(pdftex.def)             Requested size: 597.22978pt x 845.15544pt.


pdfTeX warning: pdflatex.exe (file ./server.pdf): PDF inclusion: found PDF vers
ion <1.7>, but at most version <1.5> allowed
File: server.pdf Graphic file (type pdf)
<use server.pdf>
Package pdftex.def Info: server.pdf  used on input line 771.
(pdftex.def)             Requested size: 597.22978pt x 845.15544pt.


pdfTeX warning: pdflatex.exe (file ./server.pdf): PDF inclusion: found PDF vers
ion <1.7>, but at most version <1.5> allowed


pdfTeX warning: pdflatex.exe (file ./server.pdf): PDF inclusion: found PDF vers
ion <1.7>, but at most version <1.5> allowed
<server.pdf, id=608, page=1, 597.23125pt x 845.1575pt>
File: server.pdf Graphic file (type pdf)
<use server.pdf, page 1>
Package pdftex.def Info: server.pdf , page1 used on input line 771.
(pdftex.def)             Requested size: 597.22978pt x 845.15544pt.
File: server.pdf Graphic file (type pdf)
<use server.pdf, page 1>
Package pdftex.def Info: server.pdf , page1 used on input line 771.
(pdftex.def)             Requested size: 477.78564pt x 676.12692pt.
File: server.pdf Graphic file (type pdf)
<use server.pdf, page 1>
Package pdftex.def Info: server.pdf , page1 used on input line 771.
(pdftex.def)             Requested size: 477.78564pt x 676.12692pt.
File: server.pdf Graphic file (type pdf)
<use server.pdf, page 1>
Package pdftex.def Info: server.pdf , page1 used on input line 771.
(pdftex.def)             Requested size: 477.78564pt x 676.12692pt.
File: server.pdf Graphic file (type pdf)
<use server.pdf, page 1>
Package pdftex.def Info: server.pdf , page1 used on input line 771.
(pdftex.def)             Requested size: 477.78564pt x 676.12692pt.
[31 <./server.pdf>]
File: server.pdf Graphic file (type pdf)
<use server.pdf>
Package pdftex.def Info: server.pdf  used on input line 772.
(pdftex.def)             Requested size: 597.22978pt x 845.15544pt.


pdfTeX warning: pdflatex.exe (file ./server.pdf): PDF inclusion: found PDF vers
ion <1.7>, but at most version <1.5> allowed
File: server.pdf Graphic file (type pdf)
<use server.pdf>
Package pdftex.def Info: server.pdf  used on input line 772.
(pdftex.def)             Requested size: 597.22978pt x 845.15544pt.


pdfTeX warning: pdflatex.exe (file ./server.pdf): PDF inclusion: found PDF vers
ion <1.7>, but at most version <1.5> allowed


pdfTeX warning: pdflatex.exe (file ./server.pdf): PDF inclusion: found PDF vers
ion <1.7>, but at most version <1.5> allowed
<server.pdf, id=618, page=2, 597.23125pt x 845.1575pt>
File: server.pdf Graphic file (type pdf)
<use server.pdf, page 2>
Package pdftex.def Info: server.pdf , page2 used on input line 772.
(pdftex.def)             Requested size: 597.22978pt x 845.15544pt.
File: server.pdf Graphic file (type pdf)
<use server.pdf, page 2>
Package pdftex.def Info: server.pdf , page2 used on input line 772.
(pdftex.def)             Requested size: 477.78564pt x 676.12692pt.
File: server.pdf Graphic file (type pdf)
<use server.pdf, page 2>
Package pdftex.def Info: server.pdf , page2 used on input line 772.
(pdftex.def)             Requested size: 477.78564pt x 676.12692pt.
File: server.pdf Graphic file (type pdf)
<use server.pdf, page 2>
Package pdftex.def Info: server.pdf , page2 used on input line 772.
(pdftex.def)             Requested size: 477.78564pt x 676.12692pt.
File: server.pdf Graphic file (type pdf)
<use server.pdf, page 2>
Package pdftex.def Info: server.pdf , page2 used on input line 772.
(pdftex.def)             Requested size: 477.78564pt x 676.12692pt.
[32 <./server.pdf>]

pdfTeX warning: pdflatex.exe (file ./server.pdf): PDF inclusion: found PDF vers
ion <1.7>, but at most version <1.5> allowed
<server.pdf, id=624, page=3, 597.23125pt x 845.1575pt>
File: server.pdf Graphic file (type pdf)
<use server.pdf, page 3>
Package pdftex.def Info: server.pdf , page3 used on input line 772.
(pdftex.def)             Requested size: 477.78564pt x 676.12692pt.
File: server.pdf Graphic file (type pdf)
<use server.pdf, page 3>
Package pdftex.def Info: server.pdf , page3 used on input line 772.
(pdftex.def)             Requested size: 477.78564pt x 676.12692pt.
File: server.pdf Graphic file (type pdf)
<use server.pdf, page 3>
Package pdftex.def Info: server.pdf , page3 used on input line 772.
(pdftex.def)             Requested size: 477.78564pt x 676.12692pt.
[33 <./server.pdf>]

pdfTeX warning: pdflatex.exe (file ./main_client.pdf): PDF inclusion: found PDF
 version <1.7>, but at most version <1.5> allowed
<main_client.pdf, id=631, 597.23125pt x 845.1575pt>
File: main_client.pdf Graphic file (type pdf)
<use main_client.pdf>
Package pdftex.def Info: main_client.pdf  used on input line 778.
(pdftex.def)             Requested size: 597.22978pt x 845.15544pt.


pdfTeX warning: pdflatex.exe (file ./main_client.pdf): PDF inclusion: found PDF
 version <1.7>, but at most version <1.5> allowed
File: main_client.pdf Graphic file (type pdf)
<use main_client.pdf>
Package pdftex.def Info: main_client.pdf  used on input line 778.
(pdftex.def)             Requested size: 597.22978pt x 845.15544pt.


pdfTeX warning: pdflatex.exe (file ./main_client.pdf): PDF inclusion: found PDF
 version <1.7>, but at most version <1.5> allowed


pdfTeX warning: pdflatex.exe (file ./main_client.pdf): PDF inclusion: found PDF
 version <1.7>, but at most version <1.5> allowed
<main_client.pdf, id=634, page=1, 597.23125pt x 845.1575pt>
File: main_client.pdf Graphic file (type pdf)
<use main_client.pdf, page 1>
Package pdftex.def Info: main_client.pdf , page1 used on input line 778.
(pdftex.def)             Requested size: 597.22978pt x 845.15544pt.
File: main_client.pdf Graphic file (type pdf)
<use main_client.pdf, page 1>
Package pdftex.def Info: main_client.pdf , page1 used on input line 778.
(pdftex.def)             Requested size: 477.78564pt x 676.12692pt.
File: main_client.pdf Graphic file (type pdf)
<use main_client.pdf, page 1>
Package pdftex.def Info: main_client.pdf , page1 used on input line 778.
(pdftex.def)             Requested size: 477.78564pt x 676.12692pt.
File: main_client.pdf Graphic file (type pdf)
<use main_client.pdf, page 1>
Package pdftex.def Info: main_client.pdf , page1 used on input line 778.
(pdftex.def)             Requested size: 477.78564pt x 676.12692pt.
File: main_client.pdf Graphic file (type pdf)
<use main_client.pdf, page 1>
Package pdftex.def Info: main_client.pdf , page1 used on input line 778.
(pdftex.def)             Requested size: 477.78564pt x 676.12692pt.
[34 <./main_client.pdf>]

pdfTeX warning: pdflatex.exe (file ./client.pdf): PDF inclusion: found PDF vers
ion <1.7>, but at most version <1.5> allowed
<client.pdf, id=641, 597.23125pt x 845.1575pt>
File: client.pdf Graphic file (type pdf)
<use client.pdf>
Package pdftex.def Info: client.pdf  used on input line 779.
(pdftex.def)             Requested size: 597.22978pt x 845.15544pt.


pdfTeX warning: pdflatex.exe (file ./client.pdf): PDF inclusion: found PDF vers
ion <1.7>, but at most version <1.5> allowed
File: client.pdf Graphic file (type pdf)
<use client.pdf>
Package pdftex.def Info: client.pdf  used on input line 779.
(pdftex.def)             Requested size: 597.22978pt x 845.15544pt.


pdfTeX warning: pdflatex.exe (file ./client.pdf): PDF inclusion: found PDF vers
ion <1.7>, but at most version <1.5> allowed


pdfTeX warning: pdflatex.exe (file ./client.pdf): PDF inclusion: found PDF vers
ion <1.7>, but at most version <1.5> allowed
<client.pdf, id=644, page=1, 597.23125pt x 845.1575pt>
File: client.pdf Graphic file (type pdf)
<use client.pdf, page 1>
Package pdftex.def Info: client.pdf , page1 used on input line 779.
(pdftex.def)             Requested size: 597.22978pt x 845.15544pt.
File: client.pdf Graphic file (type pdf)
<use client.pdf, page 1>
Package pdftex.def Info: client.pdf , page1 used on input line 779.
(pdftex.def)             Requested size: 477.78564pt x 676.12692pt.
File: client.pdf Graphic file (type pdf)
<use client.pdf, page 1>
Package pdftex.def Info: client.pdf , page1 used on input line 779.
(pdftex.def)             Requested size: 477.78564pt x 676.12692pt.
File: client.pdf Graphic file (type pdf)
<use client.pdf, page 1>
Package pdftex.def Info: client.pdf , page1 used on input line 779.
(pdftex.def)             Requested size: 477.78564pt x 676.12692pt.
File: client.pdf Graphic file (type pdf)
<use client.pdf, page 1>
Package pdftex.def Info: client.pdf , page1 used on input line 779.
(pdftex.def)             Requested size: 477.78564pt x 676.12692pt.
[35 <./client.pdf>]
File: client.pdf Graphic file (type pdf)
<use client.pdf>
Package pdftex.def Info: client.pdf  used on input line 780.
(pdftex.def)             Requested size: 597.22978pt x 845.15544pt.


pdfTeX warning: pdflatex.exe (file ./client.pdf): PDF inclusion: found PDF vers
ion <1.7>, but at most version <1.5> allowed
File: client.pdf Graphic file (type pdf)
<use client.pdf>
Package pdftex.def Info: client.pdf  used on input line 780.
(pdftex.def)             Requested size: 597.22978pt x 845.15544pt.


pdfTeX warning: pdflatex.exe (file ./client.pdf): PDF inclusion: found PDF vers
ion <1.7>, but at most version <1.5> allowed


pdfTeX warning: pdflatex.exe (file ./client.pdf): PDF inclusion: found PDF vers
ion <1.7>, but at most version <1.5> allowed
<client.pdf, id=653, page=2, 597.23125pt x 845.1575pt>
File: client.pdf Graphic file (type pdf)
<use client.pdf, page 2>
Package pdftex.def Info: client.pdf , page2 used on input line 780.
(pdftex.def)             Requested size: 597.22978pt x 845.15544pt.
File: client.pdf Graphic file (type pdf)
<use client.pdf, page 2>
Package pdftex.def Info: client.pdf , page2 used on input line 780.
(pdftex.def)             Requested size: 477.78564pt x 676.12692pt.
File: client.pdf Graphic file (type pdf)
<use client.pdf, page 2>
Package pdftex.def Info: client.pdf , page2 used on input line 780.
(pdftex.def)             Requested size: 477.78564pt x 676.12692pt.
File: client.pdf Graphic file (type pdf)
<use client.pdf, page 2>
Package pdftex.def Info: client.pdf , page2 used on input line 780.
(pdftex.def)             Requested size: 477.78564pt x 676.12692pt.
File: client.pdf Graphic file (type pdf)
<use client.pdf, page 2>
Package pdftex.def Info: client.pdf , page2 used on input line 780.
(pdftex.def)             Requested size: 477.78564pt x 676.12692pt.
[36 <./client.pdf>]

pdfTeX warning: pdflatex.exe (file ./client.pdf): PDF inclusion: found PDF vers
ion <1.7>, but at most version <1.5> allowed
<client.pdf, id=659, page=3, 597.23125pt x 845.1575pt>
File: client.pdf Graphic file (type pdf)
<use client.pdf, page 3>
Package pdftex.def Info: client.pdf , page3 used on input line 780.
(pdftex.def)             Requested size: 477.78564pt x 676.12692pt.
File: client.pdf Graphic file (type pdf)
<use client.pdf, page 3>
Package pdftex.def Info: client.pdf , page3 used on input line 780.
(pdftex.def)             Requested size: 477.78564pt x 676.12692pt.
File: client.pdf Graphic file (type pdf)
<use client.pdf, page 3>
Package pdftex.def Info: client.pdf , page3 used on input line 780.
(pdftex.def)             Requested size: 477.78564pt x 676.12692pt.
[37 <./client.pdf>]
Package atveryend Info: Empty hook `BeforeClearDocument' on input line 782.
Package atveryend Info: Empty hook `AfterLastShipout' on input line 782.
 (./Dokumentation_BT-Projekt.aux)
Package atveryend Info: Executing hook `AtVeryEndDocument' on input line 782.
Package atveryend Info: Executing hook `AtEndAfterFileList' on input line 782.
Package rerunfilecheck Info: File `Dokumentation_BT-Projekt.out' has not change
d.
(rerunfilecheck)             Checksum: D41D8CD98F00B204E9800998ECF8427E;0.
Package logreq Info: Writing requests to 'Dokumentation_BT-Projekt.run.xml'.
\openout1 = `Dokumentation_BT-Projekt.run.xml'.

 ) 
Here is how much of TeX's memory you used:
 27747 strings out of 480476
 489546 string characters out of 5903481
 1428344 words of memory out of 5000000
 43105 multiletter control sequences out of 15000+600000
 549500 words of font info for 59 fonts, out of 8000000 for 9000
 1143 hyphenation exceptions out of 8191
 57i,19n,97p,10119b,3443s stack positions out of 5000i,500n,10000p,200000b,80000s
pdfTeX warning (dest): name{glo:ac:cpu} has been referenced but does not exis
t, replaced by a fixed one

{c:/texlive/2020/texmf-dist/fonts/enc/dvips/cm-super/cm-super-t1.enc}<c:/texliv
e/2020/texmf-dist/fonts/type1/public/amsfonts/cm/cmmi10.pfb><c:/texlive/2020/te
xmf-dist/fonts/type1/public/amsfonts/cm/cmr10.pfb><c:/texlive/2020/texmf-dist/f
onts/type1/public/amsfonts/cm/cmr8.pfb><c:/texlive/2020/texmf-dist/fonts/type1/
public/amsfonts/cm/cmsy10.pfb><c:/texlive/2020/texmf-dist/fonts/type1/public/cm
-super/sfbx1095.pfb><c:/texlive/2020/texmf-dist/fonts/type1/public/cm-super/sfb
x1440.pfb><c:/texlive/2020/texmf-dist/fonts/type1/public/cm-super/sfcc1095.pfb>
<c:/texlive/2020/texmf-dist/fonts/type1/public/cm-super/sfit0900.pfb><c:/texliv
e/2020/texmf-dist/fonts/type1/public/cm-super/sfrm0800.pfb><c:/texlive/2020/tex
mf-dist/fonts/type1/public/cm-super/sfrm1000.pfb><c:/texlive/2020/texmf-dist/fo
nts/type1/public/cm-super/sfrm1095.pfb><c:/texlive/2020/texmf-dist/fonts/type1/
public/cm-super/sfrm1440.pfb><c:/texlive/2020/texmf-dist/fonts/type1/public/cm-
super/sfsl1095.pfb><c:/texlive/2020/texmf-dist/fonts/type1/public/cm-super/sfsx
1095.pfb><c:/texlive/2020/texmf-dist/fonts/type1/public/cm-super/sfsx1200.pfb><
c:/texlive/2020/texmf-dist/fonts/type1/public/cm-super/sfsx1440.pfb><c:/texlive
/2020/texmf-dist/fonts/type1/public/cm-super/sfsx2074.pfb><c:/texlive/2020/texm
f-dist/fonts/type1/public/cm-super/sfti1095.pfb><c:/texlive/2020/texmf-dist/fon
ts/type1/public/cm-super/sftt0900.pfb><c:/texlive/2020/texmf-dist/fonts/type1/p
ublic/cm-super/sftt1095.pfb>
Output written on Dokumentation_BT-Projekt.pdf (41 pages, 28794973 bytes).
PDF statistics:
 904 PDF objects out of 1000 (max. 8388607)
 776 compressed objects within 8 object streams
 193 named destinations out of 1000 (max. 500000)
 565 words of extra memory for PDF output out of 10000 (max. 10000000)

